# Logfile created on 2014-01-24 14:15:46 -0500 by logger.rb/41954
I, [2014-01-24T14:15:46.979448 #8663]  INFO -- : 0:  backports (3.4.0) from /Users/Elisabeth/.rvm/gems/ruby-2.1.0/specifications/backports-3.4.0.gemspec
I, [2014-01-24T14:15:48.254465 #8663]  INFO -- : 0:  dotenv (0.9.0) from /Users/Elisabeth/.rvm/gems/ruby-2.1.0/specifications/dotenv-0.9.0.gemspec
I, [2014-01-24T14:15:48.255647 #8663]  INFO -- : 0:  multi_json (1.8.4) from /Users/Elisabeth/.rvm/gems/ruby-2.1.0/specifications/multi_json-1.8.4.gemspec
I, [2014-01-24T14:15:48.256435 #8663]  INFO -- : 0:  rack (1.5.2) from /Users/Elisabeth/.rvm/gems/ruby-2.1.0/specifications/rack-1.5.2.gemspec
I, [2014-01-24T14:15:49.252032 #8663]  INFO -- : 0:  rack-protection (1.5.2) from /Users/Elisabeth/.rvm/gems/ruby-2.1.0/specifications/rack-protection-1.5.2.gemspec
I, [2014-01-24T14:15:49.252810 #8663]  INFO -- : 0:  rack-test (0.6.2) from /Users/Elisabeth/.rvm/gems/ruby-2.1.0/specifications/rack-test-0.6.2.gemspec
I, [2014-01-24T14:15:49.253203 #8663]  INFO -- : 0:  tilt (1.4.1) from /Users/Elisabeth/.rvm/gems/ruby-2.1.0/specifications/tilt-1.4.1.gemspec
I, [2014-01-24T14:15:52.034841 #8663]  INFO -- : 0:  sinatra (1.4.4) from /Users/Elisabeth/.rvm/gems/ruby-2.1.0/specifications/sinatra-1.4.4.gemspec
I, [2014-01-24T14:15:53.787024 #8663]  INFO -- : 0:  sinatra-contrib (1.4.2) from /Users/Elisabeth/.rvm/gems/ruby-2.1.0/specifications/sinatra-contrib-1.4.2.gemspec
I, [2014-01-24T14:15:53.787701 #8663]  INFO -- : 0:  sinatra-reloader (1.0) from /Users/Elisabeth/.rvm/gems/ruby-2.1.0/specifications/sinatra-reloader-1.0.gemspec
I, [2014-01-24T14:15:54.529468 #8663]  INFO -- : 0:  yahoofinance (1.2.2) from /Users/Elisabeth/.rvm/gems/ruby-2.1.0/specifications/yahoofinance-1.2.2.gemspec
I, [2014-01-24T14:15:54.530207 #8663]  INFO -- : 0:  bundler (1.5.1) from /Users/Elisabeth/.rvm/gems/ruby-2.1.0/specifications/bundler-1.5.1.gemspec
I, [2014-01-24T14:32:29.335792 #8818]  INFO -- : 0:  addressable (2.3.5) from /Users/Elisabeth/.rvm/gems/ruby-2.1.0/specifications/addressable-2.3.5.gemspec
I, [2014-01-24T14:32:29.415222 #8818]  INFO -- : 0:  atomic (1.1.14) from /Users/Elisabeth/.rvm/gems/ruby-2.1.0/specifications/atomic-1.1.14.gemspec
I, [2014-01-24T14:32:29.415753 #8818]  INFO -- : 0:  backports (3.4.0) from /Users/Elisabeth/.rvm/gems/ruby-2.1.0/specifications/backports-3.4.0.gemspec
I, [2014-01-24T14:32:32.157863 #8818]  INFO -- : 0:  buftok (0.2.0) from /Users/Elisabeth/.rvm/gems/ruby-2.1.0/specifications/buftok-0.2.0.gemspec
I, [2014-01-24T14:32:32.158478 #8818]  INFO -- : 0:  descendants_tracker (0.0.3) from /Users/Elisabeth/.rvm/gems/ruby-2.1.0/specifications/descendants_tracker-0.0.3.gemspec
I, [2014-01-24T14:32:32.158900 #8818]  INFO -- : 0:  dotenv (0.9.0) from /Users/Elisabeth/.rvm/gems/ruby-2.1.0/specifications/dotenv-0.9.0.gemspec
I, [2014-01-24T14:32:33.463635 #8818]  INFO -- : 0:  equalizer (0.0.9) from /Users/Elisabeth/.rvm/gems/ruby-2.1.0/specifications/equalizer-0.0.9.gemspec
I, [2014-01-24T14:32:33.464241 #8818]  INFO -- : 0:  multipart-post (2.0.0) from /Users/Elisabeth/.rvm/gems/ruby-2.1.0/specifications/multipart-post-2.0.0.gemspec
I, [2014-01-24T14:32:33.464693 #8818]  INFO -- : 0:  faraday (0.9.0) from /Users/Elisabeth/.rvm/gems/ruby-2.1.0/specifications/faraday-0.9.0.gemspec
I, [2014-01-24T14:32:33.465130 #8818]  INFO -- : 0:  http_parser.rb (0.6.0) from /Users/Elisabeth/.rvm/gems/ruby-2.1.0/specifications/http_parser.rb-0.6.0.gemspec
I, [2014-01-24T14:32:34.677700 #8818]  INFO -- : 0:  http (0.5.0) from /Users/Elisabeth/.rvm/gems/ruby-2.1.0/specifications/http-0.5.0.gemspec
I, [2014-01-24T14:32:34.678468 #8818]  INFO -- : 0:  json (1.8.1) from /Users/Elisabeth/.rvm/gems/ruby-2.1.0/specifications/json-1.8.1.gemspec
I, [2014-01-24T14:32:34.678974 #8818]  INFO -- : 0:  thread_safe (0.1.3) from /Users/Elisabeth/.rvm/gems/ruby-2.1.0/specifications/thread_safe-0.1.3.gemspec
I, [2014-01-24T14:32:35.949266 #8818]  INFO -- : 0:  memoizable (0.4.0) from /Users/Elisabeth/.rvm/gems/ruby-2.1.0/specifications/memoizable-0.4.0.gemspec
I, [2014-01-24T14:32:35.950568 #8818]  INFO -- : 0:  multi_json (1.8.4) from /Users/Elisabeth/.rvm/gems/ruby-2.1.0/specifications/multi_json-1.8.4.gemspec
I, [2014-01-24T14:32:35.951420 #8818]  INFO -- : 0:  rack (1.5.2) from /Users/Elisabeth/.rvm/gems/ruby-2.1.0/specifications/rack-1.5.2.gemspec
I, [2014-01-24T14:32:35.952095 #8818]  INFO -- : 0:  rack-protection (1.5.2) from /Users/Elisabeth/.rvm/gems/ruby-2.1.0/specifications/rack-protection-1.5.2.gemspec
I, [2014-01-24T14:32:35.952683 #8818]  INFO -- : 0:  rack-test (0.6.2) from /Users/Elisabeth/.rvm/gems/ruby-2.1.0/specifications/rack-test-0.6.2.gemspec
I, [2014-01-24T14:32:36.665302 #8818]  INFO -- : 0:  simple_oauth (0.2.0) from /Users/Elisabeth/.rvm/gems/ruby-2.1.0/specifications/simple_oauth-0.2.0.gemspec
I, [2014-01-24T14:32:36.666108 #8818]  INFO -- : 0:  tilt (1.4.1) from /Users/Elisabeth/.rvm/gems/ruby-2.1.0/specifications/tilt-1.4.1.gemspec
I, [2014-01-24T14:32:36.667780 #8818]  INFO -- : 0:  sinatra (1.4.4) from /Users/Elisabeth/.rvm/gems/ruby-2.1.0/specifications/sinatra-1.4.4.gemspec
I, [2014-01-24T14:32:36.668495 #8818]  INFO -- : 0:  sinatra-contrib (1.4.2) from /Users/Elisabeth/.rvm/gems/ruby-2.1.0/specifications/sinatra-contrib-1.4.2.gemspec
I, [2014-01-24T14:32:36.668980 #8818]  INFO -- : 0:  sinatra-reloader (1.0) from /Users/Elisabeth/.rvm/gems/ruby-2.1.0/specifications/sinatra-reloader-1.0.gemspec
I, [2014-01-24T14:32:39.367639 #8818]  INFO -- : 0:  twitter (5.5.1) from /Users/Elisabeth/.rvm/gems/ruby-2.1.0/specifications/twitter-5.5.1.gemspec
I, [2014-01-24T14:32:39.368523 #8818]  INFO -- : 0:  yahoofinance (1.2.2) from /Users/Elisabeth/.rvm/gems/ruby-2.1.0/specifications/yahoofinance-1.2.2.gemspec
I, [2014-01-24T14:32:39.369468 #8818]  INFO -- : 0:  bundler (1.5.1) from /Users/Elisabeth/.rvm/gems/ruby-2.1.0/specifications/bundler-1.5.1.gemspec
